-------------------------------------------------------------------------------
Test set: com.world.weather.DemoApplicationTests
-------------------------------------------------------------------------------
Tests run: 1, Failures: 0, Errors: 1, Skipped: 0, Time elapsed: 0.442 s <<< FAILURE! - in com.world.weather.DemoApplicationTests
initializationError(com.world.weather.DemoApplicationTests)  Time elapsed: 0.007 s  <<< ERROR!
java.lang.IllegalStateException: Unable to find a @SpringBootConfiguration, you need to use @ContextConfiguration or @SpringBootTest(classes=...) with your test

